/root/.conda/envs/interview-assistant/lib/python3.10/site-packages/huggingface_hub/file_download.py:1150: FutureWarning: `resume_download` is deprecated and will be removed in version 1.0.0. Downloads always resume when possible. If you want to force a new download, use `force_download=True`.
  warnings.warn(
INFO:     Started server process [36563]
INFO:     Waiting for application startup.
INFO:     Application startup complete.
INFO:     Uvicorn running on http://0.0.0.0:8004 (Press CTRL+C to quit)
2024-09-09 18:14:57.138 | INFO     | minerU_worker:parse_dir:56 - Processing file: /root/Mock-Interviewer/lagent/server/storage/minerU.pdf
2024-09-09 18:14:57.347 | INFO     | magic_pdf.libs.pdf_check:detect_invalid_chars:57 - cid_count: 0, text_len: 2300, cid_chars_radio: 0.0
2024-09-09 18:15:08,452 - INFO - PyTorch version 2.3.1 available.
2024-09-09 18:15:18.859 | INFO     | magic_pdf.model.pdf_extract_kit:__init__:121 - DocAnalysis init, this may take some times. apply_layout: True, apply_formula: True, apply_ocr: False, apply_table: False
2024-09-09 18:15:18.859 | INFO     | magic_pdf.model.pdf_extract_kit:__init__:129 - using device: cuda
2024-09-09 18:15:18.863 | INFO     | magic_pdf.model.pdf_extract_kit:__init__:131 - using models_dir: /root/.cache/modelscope/hub/opendatalab/PDF-Extract-Kit/models
istant/lib/python3.10/asyncio/base_events.py", line 649, in run_until_complete
    return future.result()
  File "/root/.conda/envs/interview-assistant/lib/python3.10/site-packages/uvicorn/server.py", line 69, in serve
    await self._serve(sockets)
  File "/root/.conda/envs/interview-assistant/lib/python3.10/site-packages/uvicorn/server.py", line 76, in _serve
    config.load()
  File "/root/.conda/envs/interview-assistant/lib/python3.10/site-packages/uvicorn/config.py", line 434, in load
    self.loaded_app = import_from_string(self.app)
  File "/root/.conda/envs/interview-assistant/lib/python3.10/site-packages/uvicorn/importer.py", line 22, in import_from_string
    raise exc from None
  File "/root/.conda/envs/interview-assistant/lib/python3.10/site-packages/uvicorn/importer.py", line 19, in import_from_string
    module = importlib.import_module(module_str)
  File "/root/.conda/envs/interview-assistant/lib/python3.10/importlib/__init__.py", line 126, in import_module
    return _bootstrap._gcd_import(name[level:], package, level)
  File "<frozen importlib._bootstrap>", line 1050, in _gcd_import
  File "<frozen importlib._bootstrap>", line 1027, in _find_and_load
  File "<frozen importlib._bootstrap>", line 992, in _find_and_load_unlocked
  File "<frozen importlib._bootstrap>", line 241, in _call_with_frames_removed
  File "<frozen importlib._bootstrap>", line 1050, in _gcd_import
  File "<frozen importlib._bootstrap>", line 1027, in _find_and_load
  File "<frozen importlib._bootstrap>", line 1004, in _find_and_load_unlocked
ModuleNotFoundError: No module named 'lagent.server'
